2012/10/07 08:23:54 [error] [system.db.CDbCommand] CDbCommand::fetchAll() failed: SQLSTATE[42S02]: Base table or view not found: 1146 Table 'bugtracker.project' doesn't exist. The SQL statement executed was: SHOW COLUMNS FROM `Project`.
in C:\wamp\www\bugtracker\bug_app\index.php (13)
2012/10/07 08:26:42 [error] [system.db.CDbCommand] CDbCommand::fetchAll() failed: SQLSTATE[42S02]: Base table or view not found: 1146 Table 'bugtracker.project' doesn't exist. The SQL statement executed was: SHOW COLUMNS FROM `project`.
in C:\wamp\www\bugtracker\bug_app\index.php (13)
2012/10/07 11:35:18 [error] [system.db.CDbCommand] CDbCommand::fetchAll() failed: SQLSTATE[42S02]: Base table or view not found: 1146 Table 'bugtracker.tbl_migration' doesn't exist. The SQL statement executed was: SHOW COLUMNS FROM `tbl_migration`.
2012/10/07 16:42:56 [error] [system.db.CDbCommand] CDbCommand::execute() failed: SQLSTATE[42000]: Syntax error or access violation: 1064 You have an error in your SQL syntax; check the manual that corresponds to your MySQL server version for the right syntax to use near 'fk,
	`name` varchar(255) NOT NULL,
	`detail` text
)' at line 3. The SQL statement executed was: CREATE TABLE `issue` (
	`id` int(11) NOT NULL AUTO_INCREMENT PRIMARY KEY,
	`project_id` fk,
	`name` varchar(255) NOT NULL,
	`detail` text
).
2012/10/07 16:42:56 [error] [exception.CDbException] exception 'CDbException' with message 'CDbCommand failed to execute the SQL statement: SQLSTATE[42000]: Syntax error or access violation: 1064 You have an error in your SQL syntax; check the manual that corresponds to your MySQL server version for the right syntax to use near 'fk,
	`name` varchar(255) NOT NULL,
	`detail` text
)' at line 3. The SQL statement executed was: CREATE TABLE `issue` (
	`id` int(11) NOT NULL AUTO_INCREMENT PRIMARY KEY,
	`project_id` fk,
	`name` varchar(255) NOT NULL,
	`detail` text
)' in C:\wamp\www\bugtracker\framework\db\CDbCommand.php:354
Stack trace:
#0 C:\wamp\www\bugtracker\framework\db\CDbCommand.php(1251): CDbCommand->execute()
#1 C:\wamp\www\bugtracker\framework\db\CDbMigration.php(229): CDbCommand->createTable('issue', Array, NULL)
#2 C:\wamp\www\bugtracker\bug_app\protected\migrations\m121007_114850_create_table_issue.php(12): CDbMigration->createTable('issue', Array)
#3 C:\wamp\www\bugtracker\framework\cli\commands\MigrateCommand.php(386): m121007_114850_create_table_issue->up()
#4 C:\wamp\www\bugtracker\framework\cli\commands\MigrateCommand.php(110): MigrateCommand->migrateUp('m121007_114850_...')
#5 [internal function]: MigrateCommand->actionUp(Array)
#6 C:\wamp\www\bugtracker\framework\console\CConsoleCommand.php(173): ReflectionMethod->invokeArgs(Object(MigrateCommand), Array)
#7 C:\wamp\www\bugtracker\framework\console\CConsoleCommandRunner.php(68): CConsoleCommand->run(Array)
#8 C:\wamp\www\bugtracker\framework\console\CConsoleApplication.php(92): CConsoleCommandRunner->run(Array)
#9 C:\wamp\www\bugtracker\framework\base\CApplication.php(162): CConsoleApplication->processRequest()
#10 C:\wamp\www\bugtracker\framework\yiic.php(34): CApplication->run()
#11 C:\wamp\www\bugtracker\bug_app\protected\yiic.php(7): require_once('C:\wamp\www\bug...')
#12 C:\wamp\www\bugtracker\bug_app\protected\yiic(4): require_once('C:\wamp\www\bug...')
#13 {main}
---
2012/10/07 17:29:28 [error] [system.db.CDbCommand] CDbCommand::fetchAll() failed: SQLSTATE[42S02]: Base table or view not found: 1146 Table 'bugtracker.tbl_migration' doesn't exist. The SQL statement executed was: SHOW COLUMNS FROM `tbl_migration`.
2012/10/07 17:39:00 [error] [exception.CHttpException.404] exception 'CHttpException' with message 'Unable to resolve the request "project/".' in C:\wamp\www\bugtracker\framework\web\CWebApplication.php:287
Stack trace:
#0 C:\wamp\www\bugtracker\framework\web\CWebApplication.php(142): CWebApplication->runController('project/')
#1 C:\wamp\www\bugtracker\framework\base\CApplication.php(162): CWebApplication->processRequest()
#2 C:\wamp\www\bugtracker\bug_app\index.php(13): CApplication->run()
#3 {main}
REQUEST_URI=/index.php?r=project/
---
2012/10/07 17:39:22 [error] [exception.CHttpException.404] exception 'CHttpException' with message 'Unable to resolve the request "project/index".' in C:\wamp\www\bugtracker\framework\web\CWebApplication.php:287
Stack trace:
#0 C:\wamp\www\bugtracker\framework\web\CWebApplication.php(142): CWebApplication->runController('project/index')
#1 C:\wamp\www\bugtracker\framework\base\CApplication.php(162): CWebApplication->processRequest()
#2 C:\wamp\www\bugtracker\bug_app\index.php(13): CApplication->run()
#3 {main}
REQUEST_URI=/index.php?r=project/index
---
2012/10/07 17:39:25 [error] [exception.CHttpException.404] exception 'CHttpException' with message 'Unable to resolve the request "project/".' in C:\wamp\www\bugtracker\framework\web\CWebApplication.php:287
Stack trace:
#0 C:\wamp\www\bugtracker\framework\web\CWebApplication.php(142): CWebApplication->runController('project/')
#1 C:\wamp\www\bugtracker\framework\base\CApplication.php(162): CWebApplication->processRequest()
#2 C:\wamp\www\bugtracker\bug_app\index.php(13): CApplication->run()
#3 {main}
REQUEST_URI=/index.php?r=project/
---
2012/10/07 17:39:40 [error] [exception.CHttpException.404] exception 'CHttpException' with message 'Unable to resolve the request "project/create".' in C:\wamp\www\bugtracker\framework\web\CWebApplication.php:287
Stack trace:
#0 C:\wamp\www\bugtracker\framework\web\CWebApplication.php(142): CWebApplication->runController('project/create')
#1 C:\wamp\www\bugtracker\framework\base\CApplication.php(162): CWebApplication->processRequest()
#2 C:\wamp\www\bugtracker\bug_app\index.php(13): CApplication->run()
#3 {main}
REQUEST_URI=/index.php?r=project/create
---
